<?xml version="1.0" encoding="UTF-8"?>
<TestRun id="774d9c89-7086-40c8-be9c-49a4fa7756d2" name="Administrator@SONGFULIN 2015-02-02 14:51:42" runUser="SONGFULIN\Administrator" xmlns="http://microsoft.com/schemas/VisualStudio/TeamTest/2010">
  <TestSettings name="本地" id="3ddd75af-3bfe-4670-82a8-d301e1b175c9">
    <Description>这些设置为本地测试运行的默认测试设置。</Description>
    <Deployment enabled="false" runDeploymentRoot="Administrator_SONGFULIN 2015-02-02 14_51_42">
      <DeploymentItem filename="D:\宋福林\MyGitTest\MyTest\Common\bin\Debug\Common.dll" />
    </Deployment>
    <Execution>
      <TestTypeSpecific />
      <AgentRule name="Execution Agents">
      </AgentRule>
    </Execution>
  </TestSettings>
  <Times creation="2015-02-02T14:51:42.6997627+08:00" queuing="2015-02-02T14:51:43.7263930+08:00" start="2015-02-02T14:51:43.8229053+08:00" finish="2015-02-02T14:52:27.2234164+08:00" />
  <ResultSummary outcome="Inconclusive">
    <Counters total="1" executed="1" error="0" failed="0" timeout="0" aborted="0" inconclusive="1" passedButRunAborted="0" notRunnable="0" notExecuted="0" disconnected="0" warning="0" passed="0" completed="0" inProgress="0" pending="0" />
  </ResultSummary>
  <TestDefinitions>
    <UnitTest name="InputTextTest" storage="d:\宋福林\mygittest\mytest\strinhelperunittest\bin\debug\strinhelperunittest.dll" id="fa459808-4961-2aa5-c229-f4c8c763b3e5">
      <Execution id="0d0b6ab8-4b93-4cff-88ba-8e402ac99ecc" />
      <TestMethod codeBase="D:/宋福林/MyGitTest/MyTest/StrinHelperUnitTest/bin/Debug/StrinHelperUnitTest.DLL" adapterTypeName="Microsoft.VisualStudio.TestTools.TestTypes.Unit.UnitTestAdapter, Microsoft.VisualStudio.QualityTools.Tips.UnitTest.Adapter, Version=10.0.0.0, Culture=neutral, PublicKeyToken=b03f5f7f11d50a3a" className="StrinHelperUnitTest.StringHelperTest, StrinHelperUnitTest, Version=1.0.0.0, Culture=neutral, PublicKeyToken=null" name="InputTextTest" />
    </UnitTest>
  </TestDefinitions>
  <TestLists>
    <TestList name="列表中未列出的结果" id="8c84fa94-04c1-424b-9868-57a2d4851a1d" />
    <TestList name="所有已加载的结果" id="19431567-8539-422a-85d7-44ee4e166bda" />
  </TestLists>
  <TestEntries>
    <TestEntry testId="fa459808-4961-2aa5-c229-f4c8c763b3e5" executionId="0d0b6ab8-4b93-4cff-88ba-8e402ac99ecc" testListId="8c84fa94-04c1-424b-9868-57a2d4851a1d" />
  </TestEntries>
  <Results>
    <UnitTestResult executionId="0d0b6ab8-4b93-4cff-88ba-8e402ac99ecc" testId="fa459808-4961-2aa5-c229-f4c8c763b3e5" testName="InputTextTest" computerName="SONGFULIN" duration="00:00:42.0162831" startTime="2015-02-02T14:51:43.9014152+08:00" endTime="2015-02-02T14:52:27.1779107+08:00" testType="13cdc9d9-ddb5-4fa4-a97d-d965ccfc6d4b" outcome="Inconclusive" testListId="8c84fa94-04c1-424b-9868-57a2d4851a1d" relativeResultsDirectory="0d0b6ab8-4b93-4cff-88ba-8e402ac99ecc">
      <Output>
        <ErrorInfo>
          <Message>Assert.Inconclusive 失败。验证此测试方法的正确性。</Message>
          <StackTrace>   在 StrinHelperUnitTest.StringHelperTest.InputTextTest() 位置 D:\宋福林\MyGitTest\MyTest\StrinHelperUnitTest\StringHelperTest.cs:行号 78
</StackTrace>
        </ErrorInfo>
      </Output>
    </UnitTestResult>
  </Results>
</TestRun>