<?xml version="1.0" encoding="UTF-8"?>
<TestRun id="99cc61fc-68cd-482b-9a6e-3cd6a111f4ee" name="Administrator@SONGFULIN 2015-02-02 14:46:35" runUser="SONGFULIN\Administrator" xmlns="http://microsoft.com/schemas/VisualStudio/TeamTest/2010">
  <TestSettings name="本地" id="3ddd75af-3bfe-4670-82a8-d301e1b175c9">
    <Description>这些设置为本地测试运行的默认测试设置。</Description>
    <Deployment enabled="false" runDeploymentRoot="Administrator_SONGFULIN 2015-02-02 14_46_35">
      <DeploymentItem filename="D:\宋福林\MyGitTest\MyTest\Common\bin\Debug\Common.dll" />
    </Deployment>
    <Execution>
      <TestTypeSpecific />
      <AgentRule name="Execution Agents">
      </AgentRule>
    </Execution>
  </TestSettings>
  <Times creation="2015-02-02T14:46:35.0706987+08:00" queuing="2015-02-02T14:46:37.2974815+08:00" start="2015-02-02T14:46:37.4610023+08:00" finish="2015-02-02T14:47:15.0197716+08:00" />
  <ResultSummary outcome="Error">
    <Counters total="1" executed="1" error="0" failed="0" timeout="0" aborted="1" inconclusive="0" passedButRunAborted="0" notRunnable="0" notExecuted="0" disconnected="0" warning="0" passed="0" completed="0" inProgress="0" pending="0" />
    <RunInfos>
      <RunInfo computerName="SONGFULIN" outcome="Error" timestamp="2015-02-02T14:47:15.0182714+08:00">
        <Text>测试宿主进程意外退出。</Text>
      </RunInfo>
    </RunInfos>
  </ResultSummary>
  <TestDefinitions>
    <UnitTest name="InputTextTest" storage="d:\宋福林\mygittest\mytest\strinhelperunittest\bin\debug\strinhelperunittest.dll" id="fa459808-4961-2aa5-c229-f4c8c763b3e5">
      <Execution id="eef1fda5-d35c-414e-a7dd-51508a5da473" />
      <TestMethod codeBase="D:/宋福林/MyGitTest/MyTest/StrinHelperUnitTest/bin/Debug/StrinHelperUnitTest.DLL" adapterTypeName="Microsoft.VisualStudio.TestTools.TestTypes.Unit.UnitTestAdapter, Microsoft.VisualStudio.QualityTools.Tips.UnitTest.Adapter, Version=10.0.0.0, Culture=neutral, PublicKeyToken=b03f5f7f11d50a3a" className="StrinHelperUnitTest.StringHelperTest, StrinHelperUnitTest, Version=1.0.0.0, Culture=neutral, PublicKeyToken=null" name="InputTextTest" />
    </UnitTest>
  </TestDefinitions>
  <TestLists>
    <TestList name="列表中未列出的结果" id="8c84fa94-04c1-424b-9868-57a2d4851a1d" />
    <TestList name="所有已加载的结果" id="19431567-8539-422a-85d7-44ee4e166bda" />
  </TestLists>
  <TestEntries>
    <TestEntry testId="fa459808-4961-2aa5-c229-f4c8c763b3e5" executionId="eef1fda5-d35c-414e-a7dd-51508a5da473" testListId="8c84fa94-04c1-424b-9868-57a2d4851a1d" />
  </TestEntries>
  <Results>
    <UnitTestResult executionId="eef1fda5-d35c-414e-a7dd-51508a5da473" testId="fa459808-4961-2aa5-c229-f4c8c763b3e5" testName="InputTextTest" computerName="SONGFULIN" duration="00:00:37.4402543" startTime="2015-02-02T14:46:37.5795173+08:00" endTime="2015-02-02T14:47:15.0197716+08:00" testType="13cdc9d9-ddb5-4fa4-a97d-d965ccfc6d4b" outcome="Aborted" testListId="8c84fa94-04c1-424b-9868-57a2d4851a1d" relativeResultsDirectory="eef1fda5-d35c-414e-a7dd-51508a5da473">
    </UnitTestResult>
  </Results>
</TestRun>